{"/Users/vladimirsimonovski/Desktop/files/projects/quiz/04-front-end/src/index.tsx": {"path":"/Users/vladimirsimonovski/Desktop/files/projects/quiz/04-front-end/src/index.tsx","statementMap":{"0":{"start":{"line":7,"column":0},"end":{"line":12,"column":2}},"1":{"start":{"line":17,"column":0},"end":{"line":17,"column":18}}},"fnMap":{},"branchMap":{},"s":{"0":0,"1":0},"f":{},"b":{}}
,"/Users/vladimirsimonovski/Desktop/files/projects/quiz/04-front-end/src/reportWebVitals.ts": {"path":"/Users/vladimirsimonovski/Desktop/files/projects/quiz/04-front-end/src/reportWebVitals.ts","statementMap":{"0":{"start":{"line":3,"column":24},"end":{"line":13,"column":1}},"1":{"start":{"line":4,"column":2},"end":{"line":12,"column":3}},"2":{"start":{"line":5,"column":4},"end":{"line":11,"column":7}},"3":{"start":{"line":6,"column":6},"end":{"line":6,"column":26}},"4":{"start":{"line":7,"column":6},"end":{"line":7,"column":26}},"5":{"start":{"line":8,"column":6},"end":{"line":8,"column":26}},"6":{"start":{"line":9,"column":6},"end":{"line":9,"column":26}},"7":{"start":{"line":10,"column":6},"end":{"line":10,"column":27}}},"fnMap":{"0":{"name":"(anonymous_0)","decl":{"start":{"line":3,"column":24},"end":{"line":3,"column":25}},"loc":{"start":{"line":3,"column":57},"end":{"line":13,"column":1}},"line":3},"1":{"name":"(anonymous_1)","decl":{"start":{"line":5,"column":30},"end":{"line":5,"column":31}},"loc":{"start":{"line":5,"column":79},"end":{"line":11,"column":5}},"line":5}},"branchMap":{"0":{"loc":{"start":{"line":4,"column":2},"end":{"line":12,"column":3}},"type":"if","locations":[{"start":{"line":4,"column":2},"end":{"line":12,"column":3}},{"start":{"line":4,"column":2},"end":{"line":12,"column":3}}],"line":4},"1":{"loc":{"start":{"line":4,"column":6},"end":{"line":4,"column":52}},"type":"binary-expr","locations":[{"start":{"line":4,"column":6},"end":{"line":4,"column":17}},{"start":{"line":4,"column":21},"end":{"line":4,"column":52}}],"line":4}},"s":{"0":0,"1":0,"2":0,"3":0,"4":0,"5":0,"6":0,"7":0},"f":{"0":0,"1":0},"b":{"0":[0,0],"1":[0,0]}}
,"/Users/vladimirsimonovski/Desktop/files/projects/quiz/04-front-end/src/components/App/App.style.ts": {"path":"/Users/vladimirsimonovski/Desktop/files/projects/quiz/04-front-end/src/components/App/App.style.ts","statementMap":{"0":{"start":{"line":3,"column":27},"end":{"line":12,"column":1}}},"fnMap":{},"branchMap":{},"s":{"0":0},"f":{},"b":{}}
,"/Users/vladimirsimonovski/Desktop/files/projects/quiz/04-front-end/src/components/App/App.tsx": {"path":"/Users/vladimirsimonovski/Desktop/files/projects/quiz/04-front-end/src/components/App/App.tsx","statementMap":{"0":{"start":{"line":7,"column":4},"end":{"line":13,"column":5}}},"fnMap":{"0":{"name":"App","decl":{"start":{"line":6,"column":9},"end":{"line":6,"column":12}},"loc":{"start":{"line":6,"column":15},"end":{"line":14,"column":1}},"line":6}},"branchMap":{},"s":{"0":0},"f":{"0":0},"b":{}}
,"/Users/vladimirsimonovski/Desktop/files/projects/quiz/04-front-end/src/containers/Home/Home.tsx": {"path":"/Users/vladimirsimonovski/Desktop/files/projects/quiz/04-front-end/src/containers/Home/Home.tsx","statementMap":{"0":{"start":{"line":4,"column":4},"end":{"line":8,"column":6}}},"fnMap":{"0":{"name":"Home","decl":{"start":{"line":3,"column":9},"end":{"line":3,"column":13}},"loc":{"start":{"line":3,"column":16},"end":{"line":9,"column":1}},"line":3}},"branchMap":{},"s":{"0":0},"f":{"0":0},"b":{}}
,"/Users/vladimirsimonovski/Desktop/files/projects/quiz/04-front-end/src/containers/WordGuess/WordGuess.tsx": {"path":"/Users/vladimirsimonovski/Desktop/files/projects/quiz/04-front-end/src/containers/WordGuess/WordGuess.tsx","statementMap":{"0":{"start":{"line":8,"column":18},"end":{"line":58,"column":1}},"1":{"start":{"line":9,"column":28},"end":{"line":9,"column":67}},"2":{"start":{"line":9,"column":43},"end":{"line":9,"column":66}},"3":{"start":{"line":10,"column":42},"end":{"line":12,"column":5}},"4":{"start":{"line":11,"column":8},"end":{"line":11,"column":45}},"5":{"start":{"line":13,"column":44},"end":{"line":13,"column":56}},"6":{"start":{"line":15,"column":30},"end":{"line":45,"column":5}},"7":{"start":{"line":18,"column":32},"end":{"line":18,"column":37}},"8":{"start":{"line":20,"column":12},"end":{"line":21,"column":44}},"9":{"start":{"line":23,"column":8},"end":{"line":27,"column":9}},"10":{"start":{"line":24,"column":12},"end":{"line":24,"column":31}},"11":{"start":{"line":25,"column":12},"end":{"line":26,"column":71}},"12":{"start":{"line":26,"column":16},"end":{"line":26,"column":71}},"13":{"start":{"line":29,"column":8},"end":{"line":35,"column":9}},"14":{"start":{"line":30,"column":12},"end":{"line":30,"column":66}},"15":{"start":{"line":31,"column":12},"end":{"line":34,"column":15}},"16":{"start":{"line":37,"column":8},"end":{"line":44,"column":9}},"17":{"start":{"line":38,"column":34},"end":{"line":38,"column":56}},"18":{"start":{"line":39,"column":12},"end":{"line":39,"column":55}},"19":{"start":{"line":40,"column":12},"end":{"line":43,"column":15}},"20":{"start":{"line":47,"column":4},"end":{"line":57,"column":6}}},"fnMap":{"0":{"name":"(anonymous_0)","decl":{"start":{"line":8,"column":18},"end":{"line":8,"column":19}},"loc":{"start":{"line":8,"column":37},"end":{"line":58,"column":1}},"line":8},"1":{"name":"(anonymous_1)","decl":{"start":{"line":9,"column":37},"end":{"line":9,"column":38}},"loc":{"start":{"line":9,"column":43},"end":{"line":9,"column":66}},"line":9},"2":{"name":"(anonymous_2)","decl":{"start":{"line":10,"column":51},"end":{"line":10,"column":52}},"loc":{"start":{"line":11,"column":8},"end":{"line":11,"column":45}},"line":11},"3":{"name":"(anonymous_3)","decl":{"start":{"line":15,"column":30},"end":{"line":15,"column":31}},"loc":{"start":{"line":17,"column":15},"end":{"line":45,"column":5}},"line":17}},"branchMap":{"0":{"loc":{"start":{"line":20,"column":12},"end":{"line":21,"column":44}},"type":"binary-expr","locations":[{"start":{"line":20,"column":12},"end":{"line":20,"column":51}},{"start":{"line":21,"column":12},"end":{"line":21,"column":44}}],"line":20},"1":{"loc":{"start":{"line":23,"column":8},"end":{"line":27,"column":9}},"type":"if","locations":[{"start":{"line":23,"column":8},"end":{"line":27,"column":9}},{"start":{"line":23,"column":8},"end":{"line":27,"column":9}}],"line":23},"2":{"loc":{"start":{"line":25,"column":12},"end":{"line":26,"column":71}},"type":"if","locations":[{"start":{"line":25,"column":12},"end":{"line":26,"column":71}},{"start":{"line":25,"column":12},"end":{"line":26,"column":71}}],"line":25},"3":{"loc":{"start":{"line":29,"column":8},"end":{"line":35,"column":9}},"type":"if","locations":[{"start":{"line":29,"column":8},"end":{"line":35,"column":9}},{"start":{"line":29,"column":8},"end":{"line":35,"column":9}}],"line":29},"4":{"loc":{"start":{"line":37,"column":8},"end":{"line":44,"column":9}},"type":"if","locations":[{"start":{"line":37,"column":8},"end":{"line":44,"column":9}},{"start":{"line":37,"column":8},"end":{"line":44,"column":9}}],"line":37},"5":{"loc":{"start":{"line":37,"column":12},"end":{"line":37,"column":59}},"type":"binary-expr","locations":[{"start":{"line":37,"column":12},"end":{"line":37,"column":34}},{"start":{"line":37,"column":38},"end":{"line":37,"column":59}}],"line":37}},"s":{"0":0,"1":0,"2":0,"3":0,"4":0,"5":0,"6":0,"7":0,"8":0,"9":0,"10":0,"11":0,"12":0,"13":0,"14":0,"15":0,"16":0,"17":0,"18":0,"19":0,"20":0},"f":{"0":0,"1":0,"2":0,"3":0},"b":{"0":[0,0],"1":[0,0],"2":[0,0],"3":[0,0],"4":[0,0],"5":[0,0]}}
,"/Users/vladimirsimonovski/Desktop/files/projects/quiz/04-front-end/src/containers/WordGuess/WordGuess.type.tsx": {"path":"/Users/vladimirsimonovski/Desktop/files/projects/quiz/04-front-end/src/containers/WordGuess/WordGuess.type.tsx","statementMap":{},"fnMap":{},"branchMap":{},"s":{},"f":{},"b":{}}
,"/Users/vladimirsimonovski/Desktop/files/projects/quiz/04-front-end/src/containers/WordGuess/WordGuess.util.ts": {"path":"/Users/vladimirsimonovski/Desktop/files/projects/quiz/04-front-end/src/containers/WordGuess/WordGuess.util.ts","statementMap":{"0":{"start":{"line":3,"column":28},"end":{"line":3,"column":30}},"1":{"start":{"line":5,"column":30},"end":{"line":14,"column":1}},"2":{"start":{"line":6,"column":29},"end":{"line":6,"column":57}},"3":{"start":{"line":7,"column":32},"end":{"line":7,"column":34}},"4":{"start":{"line":9,"column":4},"end":{"line":11,"column":5}},"5":{"start":{"line":9,"column":25},"end":{"line":9,"column":26}},"6":{"start":{"line":10,"column":8},"end":{"line":10,"column":78}},"7":{"start":{"line":13,"column":4},"end":{"line":13,"column":21}},"8":{"start":{"line":16,"column":31},"end":{"line":20,"column":10}},"9":{"start":{"line":17,"column":4},"end":{"line":20,"column":10}},"10":{"start":{"line":18,"column":8},"end":{"line":18,"column":43}},"11":{"start":{"line":19,"column":8},"end":{"line":19,"column":20}},"12":{"start":{"line":22,"column":31},"end":{"line":30,"column":1}},"13":{"start":{"line":27,"column":4},"end":{"line":29,"column":71}}},"fnMap":{"0":{"name":"(anonymous_0)","decl":{"start":{"line":5,"column":30},"end":{"line":5,"column":31}},"loc":{"start":{"line":5,"column":46},"end":{"line":14,"column":1}},"line":5},"1":{"name":"(anonymous_1)","decl":{"start":{"line":16,"column":31},"end":{"line":16,"column":32}},"loc":{"start":{"line":17,"column":4},"end":{"line":20,"column":10}},"line":17},"2":{"name":"(anonymous_2)","decl":{"start":{"line":17,"column":15},"end":{"line":17,"column":16}},"loc":{"start":{"line":17,"column":52},"end":{"line":20,"column":5}},"line":17},"3":{"name":"(anonymous_3)","decl":{"start":{"line":22,"column":31},"end":{"line":22,"column":32}},"loc":{"start":{"line":26,"column":18},"end":{"line":30,"column":1}},"line":26}},"branchMap":{"0":{"loc":{"start":{"line":18,"column":22},"end":{"line":18,"column":37}},"type":"binary-expr","locations":[{"start":{"line":18,"column":22},"end":{"line":18,"column":32}},{"start":{"line":18,"column":36},"end":{"line":18,"column":37}}],"line":18},"1":{"loc":{"start":{"line":27,"column":11},"end":{"line":29,"column":70}},"type":"cond-expr","locations":[{"start":{"line":28,"column":10},"end":{"line":28,"column":70}},{"start":{"line":29,"column":10},"end":{"line":29,"column":70}}],"line":27}},"s":{"0":0,"1":0,"2":0,"3":0,"4":0,"5":0,"6":0,"7":0,"8":0,"9":0,"10":0,"11":0,"12":0,"13":0},"f":{"0":0,"1":0,"2":0,"3":0},"b":{"0":[0,0],"1":[0,0]}}
}
